{"C:\\Users\\Mr X\\Desktop\\desarrollo2\\src\\GenerarGraficas\\Graficas.jsx": {"path":"C:\\Users\\Mr X\\Desktop\\desarrollo2\\src\\GenerarGraficas\\Graficas.jsx","statementMap":{"0":{"start":{"line":5,"column":17},"end":{"line":163,"column":1}},"1":{"start":{"line":6,"column":28},"end":{"line":9,"column":4}},"2":{"start":{"line":10,"column":30},"end":{"line":10,"column":42}},"3":{"start":{"line":11,"column":40},"end":{"line":11,"column":60}},"4":{"start":{"line":12,"column":54},"end":{"line":12,"column":69}},"5":{"start":{"line":14,"column":2},"end":{"line":31,"column":9}},"6":{"start":{"line":15,"column":29},"end":{"line":24,"column":5}},"7":{"start":{"line":16,"column":21},"end":{"line":16,"column":53}},"8":{"start":{"line":17,"column":6},"end":{"line":17,"column":62}},"9":{"start":{"line":18,"column":6},"end":{"line":18,"column":26}},"10":{"start":{"line":19,"column":6},"end":{"line":22,"column":8}},"11":{"start":{"line":20,"column":8},"end":{"line":20,"column":74}},"12":{"start":{"line":21,"column":8},"end":{"line":21,"column":82}},"13":{"start":{"line":21,"column":53},"end":{"line":21,"column":80}},"14":{"start":{"line":23,"column":6},"end":{"line":23,"column":40}},"15":{"start":{"line":26,"column":4},"end":{"line":30,"column":5}},"16":{"start":{"line":27,"column":6},"end":{"line":27,"column":25}},"17":{"start":{"line":29,"column":6},"end":{"line":29,"column":34}},"18":{"start":{"line":33,"column":22},"end":{"line":36,"column":3}},"19":{"start":{"line":34,"column":25},"end":{"line":34,"column":54}},"20":{"start":{"line":35,"column":4},"end":{"line":35,"column":63}},"21":{"start":{"line":38,"column":25},"end":{"line":42,"column":3}},"22":{"start":{"line":39,"column":24},"end":{"line":39,"column":34}},"23":{"start":{"line":40,"column":4},"end":{"line":40,"column":38}},"24":{"start":{"line":41,"column":4},"end":{"line":41,"column":26}},"25":{"start":{"line":44,"column":24},"end":{"line":78,"column":3}},"26":{"start":{"line":45,"column":4},"end":{"line":48,"column":5}},"27":{"start":{"line":46,"column":6},"end":{"line":46,"column":82}},"28":{"start":{"line":47,"column":6},"end":{"line":47,"column":13}},"29":{"start":{"line":50,"column":4},"end":{"line":56,"column":5}},"30":{"start":{"line":52,"column":24},"end":{"line":52,"column":72}},"31":{"start":{"line":54,"column":6},"end":{"line":54,"column":39}},"32":{"start":{"line":55,"column":6},"end":{"line":55,"column":13}},"33":{"start":{"line":58,"column":25},"end":{"line":61,"column":5}},"34":{"start":{"line":60,"column":43},"end":{"line":60,"column":73}},"35":{"start":{"line":63,"column":20},"end":{"line":66,"column":5}},"36":{"start":{"line":68,"column":17},"end":{"line":68,"column":75}},"37":{"start":{"line":69,"column":25},"end":{"line":69,"column":60}},"38":{"start":{"line":71,"column":4},"end":{"line":77,"column":5}},"39":{"start":{"line":72,"column":20},"end":{"line":72,"column":74}},"40":{"start":{"line":73,"column":6},"end":{"line":73,"column":32}},"41":{"start":{"line":75,"column":20},"end":{"line":75,"column":77}},"42":{"start":{"line":76,"column":6},"end":{"line":76,"column":32}},"43":{"start":{"line":80,"column":2},"end":{"line":162,"column":4}},"44":{"start":{"line":94,"column":33},"end":{"line":94,"column":63}},"45":{"start":{"line":109,"column":33},"end":{"line":109,"column":58}},"46":{"start":{"line":115,"column":16},"end":{"line":134,"column":22}},"47":{"start":{"line":122,"column":39},"end":{"line":122,"column":87}},"48":{"start":{"line":131,"column":39},"end":{"line":131,"column":85}}},"fnMap":{"0":{"name":"(anonymous_0)","decl":{"start":{"line":5,"column":17},"end":{"line":5,"column":18}},"loc":{"start":{"line":5,"column":23},"end":{"line":163,"column":1}},"line":5},"1":{"name":"(anonymous_1)","decl":{"start":{"line":14,"column":12},"end":{"line":14,"column":13}},"loc":{"start":{"line":14,"column":18},"end":{"line":31,"column":3}},"line":14},"2":{"name":"(anonymous_2)","decl":{"start":{"line":15,"column":29},"end":{"line":15,"column":30}},"loc":{"start":{"line":15,"column":35},"end":{"line":24,"column":5}},"line":15},"3":{"name":"(anonymous_3)","decl":{"start":{"line":19,"column":22},"end":{"line":19,"column":23}},"loc":{"start":{"line":19,"column":28},"end":{"line":22,"column":7}},"line":19},"4":{"name":"(anonymous_4)","decl":{"start":{"line":21,"column":47},"end":{"line":21,"column":48}},"loc":{"start":{"line":21,"column":53},"end":{"line":21,"column":80}},"line":21},"5":{"name":"(anonymous_5)","decl":{"start":{"line":33,"column":22},"end":{"line":33,"column":23}},"loc":{"start":{"line":33,"column":28},"end":{"line":36,"column":3}},"line":33},"6":{"name":"(anonymous_6)","decl":{"start":{"line":38,"column":25},"end":{"line":38,"column":26}},"loc":{"start":{"line":38,"column":50},"end":{"line":42,"column":3}},"line":38},"7":{"name":"(anonymous_7)","decl":{"start":{"line":44,"column":24},"end":{"line":44,"column":25}},"loc":{"start":{"line":44,"column":30},"end":{"line":78,"column":3}},"line":44},"8":{"name":"(anonymous_8)","decl":{"start":{"line":52,"column":17},"end":{"line":52,"column":18}},"loc":{"start":{"line":52,"column":24},"end":{"line":52,"column":72}},"line":52},"9":{"name":"(anonymous_9)","decl":{"start":{"line":60,"column":19},"end":{"line":60,"column":20}},"loc":{"start":{"line":60,"column":43},"end":{"line":60,"column":73}},"line":60},"10":{"name":"(anonymous_10)","decl":{"start":{"line":94,"column":26},"end":{"line":94,"column":27}},"loc":{"start":{"line":94,"column":33},"end":{"line":94,"column":63}},"line":94},"11":{"name":"(anonymous_11)","decl":{"start":{"line":109,"column":26},"end":{"line":109,"column":27}},"loc":{"start":{"line":109,"column":33},"end":{"line":109,"column":58}},"line":109},"12":{"name":"(anonymous_12)","decl":{"start":{"line":114,"column":25},"end":{"line":114,"column":26}},"loc":{"start":{"line":115,"column":16},"end":{"line":134,"column":22}},"line":115},"13":{"name":"(anonymous_13)","decl":{"start":{"line":122,"column":32},"end":{"line":122,"column":33}},"loc":{"start":{"line":122,"column":39},"end":{"line":122,"column":87}},"line":122},"14":{"name":"(anonymous_14)","decl":{"start":{"line":131,"column":32},"end":{"line":131,"column":33}},"loc":{"start":{"line":131,"column":39},"end":{"line":131,"column":85}},"line":131}},"branchMap":{"0":{"loc":{"start":{"line":26,"column":4},"end":{"line":30,"column":5}},"type":"if","locations":[{"start":{"line":26,"column":4},"end":{"line":30,"column":5}},{"start":{"line":28,"column":11},"end":{"line":30,"column":5}}],"line":26},"1":{"loc":{"start":{"line":26,"column":8},"end":{"line":26,"column":47}},"type":"binary-expr","locations":[{"start":{"line":26,"column":8},"end":{"line":26,"column":22}},{"start":{"line":26,"column":26},"end":{"line":26,"column":47}}],"line":26},"2":{"loc":{"start":{"line":45,"column":4},"end":{"line":48,"column":5}},"type":"if","locations":[{"start":{"line":45,"column":4},"end":{"line":48,"column":5}},{"start":{},"end":{}}],"line":45},"3":{"loc":{"start":{"line":50,"column":4},"end":{"line":56,"column":5}},"type":"if","locations":[{"start":{"line":50,"column":4},"end":{"line":56,"column":5}},{"start":{},"end":{}}],"line":50},"4":{"loc":{"start":{"line":51,"column":6},"end":{"line":52,"column":73}},"type":"binary-expr","locations":[{"start":{"line":51,"column":6},"end":{"line":51,"column":26}},{"start":{"line":52,"column":6},"end":{"line":52,"column":73}}],"line":51},"5":{"loc":{"start":{"line":52,"column":24},"end":{"line":52,"column":72}},"type":"binary-expr","locations":[{"start":{"line":52,"column":24},"end":{"line":52,"column":47}},{"start":{"line":52,"column":51},"end":{"line":52,"column":72}}],"line":52},"6":{"loc":{"start":{"line":71,"column":4},"end":{"line":77,"column":5}},"type":"if","locations":[{"start":{"line":71,"column":4},"end":{"line":77,"column":5}},{"start":{"line":74,"column":11},"end":{"line":77,"column":5}}],"line":71}},"s":{"0":2,"1":5,"2":5,"3":5,"4":5,"5":5,"6":2,"7":2,"8":2,"9":2,"10":2,"11":0,"12":0,"13":0,"14":2,"15":2,"16":2,"17":0,"18":5,"19":0,"20":0,"21":5,"22":2,"23":2,"24":2,"25":5,"26":0,"27":0,"28":0,"29":0,"30":0,"31":0,"32":0,"33":0,"34":0,"35":0,"36":0,"37":0,"38":0,"39":0,"40":0,"41":0,"42":0,"43":5,"44":1,"45":1,"46":10,"47":1,"48":1},"f":{"0":5,"1":2,"2":2,"3":0,"4":0,"5":0,"6":2,"7":0,"8":0,"9":0,"10":1,"11":1,"12":10,"13":1,"14":1},"b":{"0":[2,0],"1":[2,0],"2":[0,0],"3":[0,0],"4":[0,0],"5":[0,0],"6":[0,0]},"_coverageSchema":"1a1c01bbd47fc00a2c39e90264f33305004495a9","hash":"0f617865706d53515551dd281e237f1f0e70a405"}
}
